<?xml version="1.0" encoding="UTF-8" ?>
<testsuites>
  <testsuite errors="0" failures="0" hostname="cyrilkiller-PC" id="0" name="BreadcrumbsDemoControllerSpec" package="breadcrumbs.plugins" tests="1" time="64.352" timestamp="2013-07-08T21:36:43">
      <properties />

      <testcase classname="breadcrumbs.plugins.BreadcrumbsDemoControllerSpec" name="retrieve breadcrumbs" time="64.318" />

      <system-out><![CDATA[--Output from retrieve breadcrumbs--
]]></system-out>

      <system-err><![CDATA[--Output from retrieve breadcrumbs--
]]></system-err>

  </testsuite>
</testsuites>
